This is pdfTeX, Version 3.141592653-2.6-1.40.26 (TeX Live 2024) (preloaded format=pdflatex 2024.4.10)  14 OCT 2025 18:11
entering extended mode
 restricted \write18 enabled.
 file:line:error style messages enabled.
 %&-line parsing enabled.
**/Users/kevinforter/Dev/Tex/INFC/IAC_Forter.tex
(/Users/kevinforter/Dev/Tex/INFC/IAC_Forter.tex
LaTeX2e <2023-11-01> patch level 1
L3 programming layer <2024-02-20>
(/usr/local/texlive/2024/texmf-dist/tex/latex/base/article.cls
Document Class: article 2023/05/17 v1.4n Standard LaTeX document class
(/usr/local/texlive/2024/texmf-dist/tex/latex/base/size11.clo
File: size11.clo 2023/05/17 v1.4n Standard LaTeX file (size option)
)
\c@part=\count188
\c@section=\count189
\c@subsection=\count190
\c@subsubsection=\count191
\c@paragraph=\count192
\c@subparagraph=\count193
\c@figure=\count194
\c@table=\count195
\abovecaptionskip=\skip48
\belowcaptionskip=\skip49
\bibindent=\dimen140
) (/usr/local/texlive/2024/texmf-dist/tex/latex/geometry/geometry.sty
Package: geometry 2020/01/02 v5.9 Page Geometry
 (/usr/local/texlive/2024/texmf-dist/tex/latex/graphics/keyval.sty
Package: keyval 2022/05/29 v1.15 key=value parser (DPC)
\KV@toks@=\toks17
) (/usr/local/texlive/2024/texmf-dist/tex/generic/iftex/ifvtex.sty
Package: ifvtex 2019/10/25 v1.7 ifvtex legacy package. Use iftex instead.
 (/usr/local/texlive/2024/texmf-dist/tex/generic/iftex/iftex.sty
Package: iftex 2022/02/03 v1.0f TeX engine tests
))
\Gm@cnth=\count196
\Gm@cntv=\count197
\c@Gm@tempcnt=\count198
\Gm@bindingoffset=\dimen141
\Gm@wd@mp=\dimen142
\Gm@odd@mp=\dimen143
\Gm@even@mp=\dimen144
\Gm@layoutwidth=\dimen145
\Gm@layoutheight=\dimen146
\Gm@layouthoffset=\dimen147
\Gm@layoutvoffset=\dimen148
\Gm@dimlist=\toks18
) (/usr/local/texlive/2024/texmf-dist/tex/generic/babel/babel.sty
Package: babel 2024/02/07 v24.2 The Babel package
\babel@savecnt=\count199
\U@D=\dimen149
\l@unhyphenated=\language89
 (/usr/local/texlive/2024/texmf-dist/tex/generic/babel/txtbabel.def)
\bbl@readstream=\read2
\bbl@dirlevel=\count266
 (/usr/local/texlive/2024/texmf-dist/tex/generic/babel-german/ngerman.ldf
Language: ngerman 2024/01/19 v2.14 German support for babel (post-1996 orthography)
 (/usr/local/texlive/2024/texmf-dist/tex/generic/babel-german/ngermanb.ldf
Language: ngermanb 2024/01/19 v2.14 German support for babel (post-1996 orthography)
Package babel Info: Making " an active character on input line 122.
))) (/usr/local/texlive/2024/texmf-dist/tex/generic/babel/locale/de/babel-ngerman.tex
Package babel Info: Importing font and identification data for ngerman
(babel)             from babel-de.ini. Reported on input line 11.
) (/usr/local/texlive/2024/texmf-dist/tex/latex/base/fontenc.sty
Package: fontenc 2021/04/29 v2.0v Standard LaTeX package
) (/usr/local/texlive/2024/texmf-dist/tex/latex/base/inputenc.sty
Package: inputenc 2021/02/14 v1.3d Input encoding file
\inpenc@prehook=\toks19
\inpenc@posthook=\toks20
) (/usr/local/texlive/2024/texmf-dist/tex/latex/lm/lmodern.sty
Package: lmodern 2015/05/01 v1.6.1 Latin Modern Fonts
LaTeX Font Info:    Overwriting symbol font `operators' in version `normal'
(Font)                  OT1/cmr/m/n --> OT1/lmr/m/n on input line 22.
LaTeX Font Info:    Overwriting symbol font `letters' in version `normal'
(Font)                  OML/cmm/m/it --> OML/lmm/m/it on input line 23.
LaTeX Font Info:    Overwriting symbol font `symbols' in version `normal'
(Font)                  OMS/cmsy/m/n --> OMS/lmsy/m/n on input line 24.
LaTeX Font Info:    Overwriting symbol font `largesymbols' in version `normal'
(Font)                  OMX/cmex/m/n --> OMX/lmex/m/n on input line 25.
LaTeX Font Info:    Overwriting symbol font `operators' in version `bold'
(Font)                  OT1/cmr/bx/n --> OT1/lmr/bx/n on input line 26.
LaTeX Font Info:    Overwriting symbol font `letters' in version `bold'
(Font)                  OML/cmm/b/it --> OML/lmm/b/it on input line 27.
LaTeX Font Info:    Overwriting symbol font `symbols' in version `bold'
(Font)                  OMS/cmsy/b/n --> OMS/lmsy/b/n on input line 28.
LaTeX Font Info:    Overwriting symbol font `largesymbols' in version `bold'
(Font)                  OMX/cmex/m/n --> OMX/lmex/m/n on input line 29.
LaTeX Font Info:    Overwriting math alphabet `\mathbf' in version `normal'
(Font)                  OT1/cmr/bx/n --> OT1/lmr/bx/n on input line 31.
LaTeX Font Info:    Overwriting math alphabet `\mathsf' in version `normal'
(Font)                  OT1/cmss/m/n --> OT1/lmss/m/n on input line 32.
LaTeX Font Info:    Overwriting math alphabet `\mathit' in version `normal'
(Font)                  OT1/cmr/m/it --> OT1/lmr/m/it on input line 33.
LaTeX Font Info:    Overwriting math alphabet `\mathtt' in version `normal'
(Font)                  OT1/cmtt/m/n --> OT1/lmtt/m/n on input line 34.
LaTeX Font Info:    Overwriting math alphabet `\mathbf' in version `bold'
(Font)                  OT1/cmr/bx/n --> OT1/lmr/bx/n on input line 35.
LaTeX Font Info:    Overwriting math alphabet `\mathsf' in version `bold'
(Font)                  OT1/cmss/bx/n --> OT1/lmss/bx/n on input line 36.
LaTeX Font Info:    Overwriting math alphabet `\mathit' in version `bold'
(Font)                  OT1/cmr/bx/it --> OT1/lmr/bx/it on input line 37.
LaTeX Font Info:    Overwriting math alphabet `\mathtt' in version `bold'
(Font)                  OT1/cmtt/m/n --> OT1/lmtt/m/n on input line 38.
) (/usr/local/texlive/2024/texmf-dist/tex/latex/graphics/graphicx.sty
Package: graphicx 2021/09/16 v1.2d Enhanced LaTeX Graphics (DPC,SPQR)
 (/usr/local/texlive/2024/texmf-dist/tex/latex/graphics/graphics.sty
Package: graphics 2022/03/10 v1.4e Standard LaTeX Graphics (DPC,SPQR)
 (/usr/local/texlive/2024/texmf-dist/tex/latex/graphics/trig.sty
Package: trig 2021/08/11 v1.11 sin cos tan (DPC)
) (/usr/local/texlive/2024/texmf-dist/tex/latex/graphics-cfg/graphics.cfg
File: graphics.cfg 2016/06/04 v1.11 sample graphics configuration
)
Package graphics Info: Driver file: pdftex.def on input line 107.
 (/usr/local/texlive/2024/texmf-dist/tex/latex/graphics-def/pdftex.def
File: pdftex.def 2022/09/22 v1.2b Graphics/color driver for pdftex
))
\Gin@req@height=\dimen150
\Gin@req@width=\dimen151
) (/usr/local/texlive/2024/texmf-dist/tex/latex/float/float.sty
Package: float 2001/11/08 v1.3d Float enhancements (AL)
\c@float@type=\count267
\float@exts=\toks21
\float@box=\box51
\@float@everytoks=\toks22
\@floatcapt=\box52
) (/usr/local/texlive/2024/texmf-dist/tex/latex/hyperref/hyperref.sty
Package: hyperref 2024-01-20 v7.01h Hypertext links for LaTeX
 (/usr/local/texlive/2024/texmf-dist/tex/latex/kvsetkeys/kvsetkeys.sty
Package: kvsetkeys 2022-10-05 v1.19 Key value parser (HO)
) (/usr/local/texlive/2024/texmf-dist/tex/generic/kvdefinekeys/kvdefinekeys.sty
Package: kvdefinekeys 2019-12-19 v1.6 Define keys (HO)
) (/usr/local/texlive/2024/texmf-dist/tex/generic/pdfescape/pdfescape.sty
Package: pdfescape 2019/12/09 v1.15 Implements pdfTeX's escape features (HO)
 (/usr/local/texlive/2024/texmf-dist/tex/generic/ltxcmds/ltxcmds.sty
Package: ltxcmds 2023-12-04 v1.26 LaTeX kernel commands for general use (HO)
) (/usr/local/texlive/2024/texmf-dist/tex/generic/pdftexcmds/pdftexcmds.sty
Package: pdftexcmds 2020-06-27 v0.33 Utility functions of pdfTeX for LuaTeX (HO)
 (/usr/local/texlive/2024/texmf-dist/tex/generic/infwarerr/infwarerr.sty
Package: infwarerr 2019/12/03 v1.5 Providing info/warning/error messages (HO)
)
Package pdftexcmds Info: \pdf@primitive is available.
Package pdftexcmds Info: \pdf@ifprimitive is available.
Package pdftexcmds Info: \pdfdraftmode found.
)) (/usr/local/texlive/2024/texmf-dist/tex/latex/hycolor/hycolor.sty
Package: hycolor 2020-01-27 v1.10 Color options for hyperref/bookmark (HO)
) (/usr/local/texlive/2024/texmf-dist/tex/latex/auxhook/auxhook.sty
Package: auxhook 2019-12-17 v1.6 Hooks for auxiliary files (HO)
) (/usr/local/texlive/2024/texmf-dist/tex/latex/hyperref/nameref.sty
Package: nameref 2023-11-26 v2.56 Cross-referencing by name of section
 (/usr/local/texlive/2024/texmf-dist/tex/latex/refcount/refcount.sty
Package: refcount 2019/12/15 v3.6 Data extraction from label references (HO)
) (/usr/local/texlive/2024/texmf-dist/tex/generic/gettitlestring/gettitlestring.sty
Package: gettitlestring 2019/12/15 v1.6 Cleanup title references (HO)
 (/usr/local/texlive/2024/texmf-dist/tex/latex/kvoptions/kvoptions.sty
Package: kvoptions 2022-06-15 v3.15 Key value format for package options (HO)
))
\c@section@level=\count268
) (/usr/local/texlive/2024/texmf-dist/tex/latex/etoolbox/etoolbox.sty
Package: etoolbox 2020/10/05 v2.5k e-TeX tools for LaTeX (JAW)
\etb@tempcnta=\count269
)
\@linkdim=\dimen152
\Hy@linkcounter=\count270
\Hy@pagecounter=\count271
 (/usr/local/texlive/2024/texmf-dist/tex/latex/hyperref/pd1enc.def
File: pd1enc.def 2024-01-20 v7.01h Hyperref: PDFDocEncoding definition (HO)
Now handling font encoding PD1 ...
... no UTF-8 mapping file for font encoding PD1
) (/usr/local/texlive/2024/texmf-dist/tex/generic/intcalc/intcalc.sty
Package: intcalc 2019/12/15 v1.3 Expandable calculations with integers (HO)
)
\Hy@SavedSpaceFactor=\count272
 (/usr/local/texlive/2024/texmf-dist/tex/latex/hyperref/puenc.def
File: puenc.def 2024-01-20 v7.01h Hyperref: PDF Unicode definition (HO)
Now handling font encoding PU ...
... no UTF-8 mapping file for font encoding PU
)
Package hyperref Info: Hyper figures OFF on input line 4179.
Package hyperref Info: Link nesting OFF on input line 4184.
Package hyperref Info: Hyper index ON on input line 4187.
Package hyperref Info: Plain pages OFF on input line 4194.
Package hyperref Info: Backreferencing OFF on input line 4199.
Package hyperref Info: Implicit mode ON; LaTeX internals redefined.
Package hyperref Info: Bookmarks ON on input line 4446.
\c@Hy@tempcnt=\count273
 (/usr/local/texlive/2024/texmf-dist/tex/latex/url/url.sty
\Urlmuskip=\muskip16
Package: url 2013/09/16  ver 3.4  Verb mode for urls, etc.
)
LaTeX Info: Redefining \url on input line 4784.
\XeTeXLinkMargin=\dimen153
 (/usr/local/texlive/2024/texmf-dist/tex/generic/bitset/bitset.sty
Package: bitset 2019/12/09 v1.3 Handle bit-vector datatype (HO)
 (/usr/local/texlive/2024/texmf-dist/tex/generic/bigintcalc/bigintcalc.sty
Package: bigintcalc 2019/12/15 v1.5 Expandable calculations on big integers (HO)
))
\Fld@menulength=\count274
\Field@Width=\dimen154
\Fld@charsize=\dimen155
Package hyperref Info: Hyper figures OFF on input line 6063.
Package hyperref Info: Link nesting OFF on input line 6068.
Package hyperref Info: Hyper index ON on input line 6071.
Package hyperref Info: backreferencing OFF on input line 6078.
Package hyperref Info: Link coloring OFF on input line 6083.
Package hyperref Info: Link coloring with OCG OFF on input line 6088.
Package hyperref Info: PDF/A mode OFF on input line 6093.
 (/usr/local/texlive/2024/texmf-dist/tex/latex/base/atbegshi-ltx.sty
Package: atbegshi-ltx 2021/01/10 v1.0c Emulation of the original atbegshi
package with kernel methods
)
\Hy@abspage=\count275
\c@Item=\count276
\c@Hfootnote=\count277
)
Package hyperref Info: Driver (autodetected): hpdftex.
 (/usr/local/texlive/2024/texmf-dist/tex/latex/hyperref/hpdftex.def
File: hpdftex.def 2024-01-20 v7.01h Hyperref driver for pdfTeX
 (/usr/local/texlive/2024/texmf-dist/tex/latex/base/atveryend-ltx.sty
Package: atveryend-ltx 2020/08/19 v1.0a Emulation of the original atveryend package
with kernel methods
)
\Fld@listcount=\count278
\c@bookmark@seq@number=\count279
 (/usr/local/texlive/2024/texmf-dist/tex/latex/rerunfilecheck/rerunfilecheck.sty
Package: rerunfilecheck 2022-07-10 v1.10 Rerun checks for auxiliary files (HO)
 (/usr/local/texlive/2024/texmf-dist/tex/generic/uniquecounter/uniquecounter.sty
Package: uniquecounter 2019/12/15 v1.4 Provide unlimited unique counter (HO)
)
Package uniquecounter Info: New unique counter `rerunfilecheck' on input line 285.
)
\Hy@SectionHShift=\skip50
) (/usr/local/texlive/2024/texmf-dist/tex/latex/xcolor/xcolor.sty
Package: xcolor 2023/11/15 v3.01 LaTeX color extensions (UK)
 (/usr/local/texlive/2024/texmf-dist/tex/latex/graphics-cfg/color.cfg
File: color.cfg 2016/01/02 v1.6 sample color configuration
)
Package xcolor Info: Driver file: pdftex.def on input line 274.
 (/usr/local/texlive/2024/texmf-dist/tex/latex/graphics/mathcolor.ltx)
Package xcolor Info: Model `cmy' substituted by `cmy0' on input line 1350.
Package xcolor Info: Model `hsb' substituted by `rgb' on input line 1354.
Package xcolor Info: Model `RGB' extended on input line 1366.
Package xcolor Info: Model `HTML' substituted by `rgb' on input line 1368.
Package xcolor Info: Model `Hsb' substituted by `hsb' on input line 1369.
Package xcolor Info: Model `tHsb' substituted by `hsb' on input line 1370.
Package xcolor Info: Model `HSB' substituted by `hsb' on input line 1371.
Package xcolor Info: Model `Gray' substituted by `gray' on input line 1372.
Package xcolor Info: Model `wave' substituted by `hsb' on input line 1373.
) (/usr/local/texlive/2024/texmf-dist/tex/latex/enumitem/enumitem.sty
Package: enumitem 2019/06/20 v3.9 Customized lists
\labelindent=\skip51
\enit@outerparindent=\dimen156
\enit@toks=\toks23
\enit@inbox=\box53
\enit@count@id=\count280
\enitdp@description=\count281
) (/usr/local/texlive/2024/texmf-dist/tex/latex/booktabs/booktabs.sty
Package: booktabs 2020/01/12 v1.61803398 Publication quality tables
\heavyrulewidth=\dimen157
\lightrulewidth=\dimen158
\cmidrulewidth=\dimen159
\belowrulesep=\dimen160
\belowbottomsep=\dimen161
\aboverulesep=\dimen162
\abovetopsep=\dimen163
\cmidrulesep=\dimen164
\cmidrulekern=\dimen165
\defaultaddspace=\dimen166
\@cmidla=\count282
\@cmidlb=\count283
\@aboverulesep=\dimen167
\@belowrulesep=\dimen168
\@thisruleclass=\count284
\@lastruleclass=\count285
\@thisrulewidth=\dimen169
) (/usr/local/texlive/2024/texmf-dist/tex/latex/tools/array.sty
Package: array 2023/10/16 v2.5g Tabular extension package (FMi)
\col@sep=\dimen170
\ar@mcellbox=\box54
\extrarowheight=\dimen171
\NC@list=\toks24
\extratabsurround=\skip52
\backup@length=\skip53
\ar@cellbox=\box55
) (/usr/local/texlive/2024/texmf-dist/tex/latex/titlesec/titlesec.sty
Package: titlesec 2023/10/27 v2.16 Sectioning titles
\ttl@box=\box56
\beforetitleunit=\skip54
\aftertitleunit=\skip55
\ttl@plus=\dimen172
\ttl@minus=\dimen173
\ttl@toksa=\toks25
\titlewidth=\dimen174
\titlewidthlast=\dimen175
\titlewidthfirst=\dimen176
) (/usr/local/texlive/2024/texmf-dist/tex/latex/listings/listings.sty
\lst@mode=\count286
\lst@gtempboxa=\box57
\lst@token=\toks26
\lst@length=\count287
\lst@currlwidth=\dimen177
\lst@column=\count288
\lst@pos=\count289
\lst@lostspace=\dimen178
\lst@width=\dimen179
\lst@newlines=\count290
\lst@lineno=\count291
\lst@maxwidth=\dimen180
 (/usr/local/texlive/2024/texmf-dist/tex/latex/listings/lstpatch.sty
File: lstpatch.sty 2024/02/21 1.10 (Carsten Heinz)
) (/usr/local/texlive/2024/texmf-dist/tex/latex/listings/lstmisc.sty
File: lstmisc.sty 2024/02/21 1.10 (Carsten Heinz)
\c@lstnumber=\count292
\lst@skipnumbers=\count293
\lst@framebox=\box58
) (/usr/local/texlive/2024/texmf-dist/tex/latex/listings/listings.cfg
File: listings.cfg 2024/02/21 1.10 listings configuration
))
Package: listings 2024/02/21 1.10 (Carsten Heinz)
 (/usr/local/texlive/2024/texmf-dist/tex/latex/caption/caption.sty
Package: caption 2023/08/05 v3.6o Customizing captions (AR)
 (/usr/local/texlive/2024/texmf-dist/tex/latex/caption/caption3.sty
Package: caption3 2023/07/31 v2.4d caption3 kernel (AR)
\caption@tempdima=\dimen181
\captionmargin=\dimen182
\caption@leftmargin=\dimen183
\caption@rightmargin=\dimen184
\caption@width=\dimen185
\caption@indent=\dimen186
\caption@parindent=\dimen187
\caption@hangindent=\dimen188
Package caption Info: Standard document class detected.
)
\c@caption@flags=\count294
\c@continuedfloat=\count295
Package caption Info: float package is loaded.
Package caption Info: hyperref package is loaded.
Package caption Info: listings package is loaded.
) (/usr/local/texlive/2024/texmf-dist/tex/latex/tcolorbox/tcolorbox.sty
Package: tcolorbox 2024/01/10 version 6.2.0 text color boxes
 (/usr/local/texlive/2024/texmf-dist/tex/latex/pgf/basiclayer/pgf.sty (/usr/local/texlive/2024/texmf-dist/tex/latex/pgf/utilities/pgfrcs.sty (/usr/local/texlive/2024/texmf-dist/tex/generic/pgf/utilities/pgfutil-common.tex
\pgfutil@everybye=\toks27
\pgfutil@tempdima=\dimen189
\pgfutil@tempdimb=\dimen190
) (/usr/local/texlive/2024/texmf-dist/tex/generic/pgf/utilities/pgfutil-latex.def
\pgfutil@abb=\box59
) (/usr/local/texlive/2024/texmf-dist/tex/generic/pgf/utilities/pgfrcs.code.tex (/usr/local/texlive/2024/texmf-dist/tex/generic/pgf/pgf.revision.tex)
Package: pgfrcs 2023-01-15 v3.1.10 (3.1.10)
))
Package: pgf 2023-01-15 v3.1.10 (3.1.10)
 (/usr/local/texlive/2024/texmf-dist/tex/latex/pgf/basiclayer/pgfcore.sty (/usr/local/texlive/2024/texmf-dist/tex/latex/pgf/systemlayer/pgfsys.sty (/usr/local/texlive/2024/texmf-dist/tex/generic/pgf/systemlayer/pgfsys.code.tex
Package: pgfsys 2023-01-15 v3.1.10 (3.1.10)
 (/usr/local/texlive/2024/texmf-dist/tex/generic/pgf/utilities/pgfkeys.code.tex
\pgfkeys@pathtoks=\toks28
\pgfkeys@temptoks=\toks29
 (/usr/local/texlive/2024/texmf-dist/tex/generic/pgf/utilities/pgfkeyslibraryfiltered.code.tex
\pgfkeys@tmptoks=\toks30
))
\pgf@x=\dimen191
\pgf@y=\dimen192
\pgf@xa=\dimen193
\pgf@ya=\dimen194
\pgf@xb=\dimen195
\pgf@yb=\dimen196
\pgf@xc=\dimen197
\pgf@yc=\dimen198
\pgf@xd=\dimen199
\pgf@yd=\dimen256
\w@pgf@writea=\write3
\r@pgf@reada=\read3
\c@pgf@counta=\count296
\c@pgf@countb=\count297
\c@pgf@countc=\count298
\c@pgf@countd=\count299
\t@pgf@toka=\toks31
\t@pgf@tokb=\toks32
\t@pgf@tokc=\toks33
\pgf@sys@id@count=\count300
 (/usr/local/texlive/2024/texmf-dist/tex/generic/pgf/systemlayer/pgf.cfg
File: pgf.cfg 2023-01-15 v3.1.10 (3.1.10)
)
Driver file for pgf: pgfsys-pdftex.def
 (/usr/local/texlive/2024/texmf-dist/tex/generic/pgf/systemlayer/pgfsys-pdftex.def
File: pgfsys-pdftex.def 2023-01-15 v3.1.10 (3.1.10)
 (/usr/local/texlive/2024/texmf-dist/tex/generic/pgf/systemlayer/pgfsys-common-pdf.def
File: pgfsys-common-pdf.def 2023-01-15 v3.1.10 (3.1.10)
))) (/usr/local/texlive/2024/texmf-dist/tex/generic/pgf/systemlayer/pgfsyssoftpath.code.tex
File: pgfsyssoftpath.code.tex 2023-01-15 v3.1.10 (3.1.10)
\pgfsyssoftpath@smallbuffer@items=\count301
\pgfsyssoftpath@bigbuffer@items=\count302
) (/usr/local/texlive/2024/texmf-dist/tex/generic/pgf/systemlayer/pgfsysprotocol.code.tex
File: pgfsysprotocol.code.tex 2023-01-15 v3.1.10 (3.1.10)
)) (/usr/local/texlive/2024/texmf-dist/tex/generic/pgf/basiclayer/pgfcore.code.tex
Package: pgfcore 2023-01-15 v3.1.10 (3.1.10)
 (/usr/local/texlive/2024/texmf-dist/tex/generic/pgf/math/pgfmath.code.tex (/usr/local/texlive/2024/texmf-dist/tex/generic/pgf/math/pgfmathutil.code.tex) (/usr/local/texlive/2024/texmf-dist/tex/generic/pgf/math/pgfmathparser.code.tex
\pgfmath@dimen=\dimen257
\pgfmath@count=\count303
\pgfmath@box=\box60
\pgfmath@toks=\toks34
\pgfmath@stack@operand=\toks35
\pgfmath@stack@operation=\toks36
) (/usr/local/texlive/2024/texmf-dist/tex/generic/pgf/math/pgfmathfunctions.code.tex) (/usr/local/texlive/2024/texmf-dist/tex/generic/pgf/math/pgfmathfunctions.basic.code.tex) (/usr/local/texlive/2024/texmf-dist/tex/generic/pgf/math/pgfmathfunctions.trigonometric.code.tex) (/usr/local/texlive/2024/texmf-dist/tex/generic/pgf/math/pgfmathfunctions.random.code.tex) (/usr/local/texlive/2024/texmf-dist/tex/generic/pgf/math/pgfmathfunctions.comparison.code.tex) (/usr/local/texlive/2024/texmf-dist/tex/generic/pgf/math/pgfmathfunctions.base.code.tex) (/usr/local/texlive/2024/texmf-dist/tex/generic/pgf/math/pgfmathfunctions.round.code.tex) (/usr/local/texlive/2024/texmf-dist/tex/generic/pgf/math/pgfmathfunctions.misc.code.tex) (/usr/local/texlive/2024/texmf-dist/tex/generic/pgf/math/pgfmathfunctions.integerarithmetics.code.tex) (/usr/local/texlive/2024/texmf-dist/tex/generic/pgf/math/pgfmathcalc.code.tex) (/usr/local/texlive/2024/texmf-dist/tex/generic/pgf/math/pgfmathfloat.code.tex
\c@pgfmathroundto@lastzeros=\count304
)) (/usr/local/texlive/2024/texmf-dist/tex/generic/pgf/math/pgfint.code.tex) (/usr/local/texlive/2024/texmf-dist/tex/generic/pgf/basiclayer/pgfcorepoints.code.tex
File: pgfcorepoints.code.tex 2023-01-15 v3.1.10 (3.1.10)
\pgf@picminx=\dimen258
\pgf@picmaxx=\dimen259
\pgf@picminy=\dimen260
\pgf@picmaxy=\dimen261
\pgf@pathminx=\dimen262
\pgf@pathmaxx=\dimen263
\pgf@pathminy=\dimen264
\pgf@pathmaxy=\dimen265
\pgf@xx=\dimen266
\pgf@xy=\dimen267
\pgf@yx=\dimen268
\pgf@yy=\dimen269
\pgf@zx=\dimen270
\pgf@zy=\dimen271
) (/usr/local/texlive/2024/texmf-dist/tex/generic/pgf/basiclayer/pgfcorepathconstruct.code.tex
File: pgfcorepathconstruct.code.tex 2023-01-15 v3.1.10 (3.1.10)
\pgf@path@lastx=\dimen272
\pgf@path@lasty=\dimen273
) (/usr/local/texlive/2024/texmf-dist/tex/generic/pgf/basiclayer/pgfcorepathusage.code.tex
File: pgfcorepathusage.code.tex 2023-01-15 v3.1.10 (3.1.10)
\pgf@shorten@end@additional=\dimen274
\pgf@shorten@start@additional=\dimen275
) (/usr/local/texlive/2024/texmf-dist/tex/generic/pgf/basiclayer/pgfcorescopes.code.tex
File: pgfcorescopes.code.tex 2023-01-15 v3.1.10 (3.1.10)
\pgfpic=\box61
\pgf@hbox=\box62
\pgf@layerbox@main=\box63
\pgf@picture@serial@count=\count305
) (/usr/local/texlive/2024/texmf-dist/tex/generic/pgf/basiclayer/pgfcoregraphicstate.code.tex
File: pgfcoregraphicstate.code.tex 2023-01-15 v3.1.10 (3.1.10)
\pgflinewidth=\dimen276
) (/usr/local/texlive/2024/texmf-dist/tex/generic/pgf/basiclayer/pgfcoretransformations.code.tex
File: pgfcoretransformations.code.tex 2023-01-15 v3.1.10 (3.1.10)
\pgf@pt@x=\dimen277
\pgf@pt@y=\dimen278
\pgf@pt@temp=\dimen279
) (/usr/local/texlive/2024/texmf-dist/tex/generic/pgf/basiclayer/pgfcorequick.code.tex
File: pgfcorequick.code.tex 2023-01-15 v3.1.10 (3.1.10)
) (/usr/local/texlive/2024/texmf-dist/tex/generic/pgf/basiclayer/pgfcoreobjects.code.tex
File: pgfcoreobjects.code.tex 2023-01-15 v3.1.10 (3.1.10)
) (/usr/local/texlive/2024/texmf-dist/tex/generic/pgf/basiclayer/pgfcorepathprocessing.code.tex
File: pgfcorepathprocessing.code.tex 2023-01-15 v3.1.10 (3.1.10)
) (/usr/local/texlive/2024/texmf-dist/tex/generic/pgf/basiclayer/pgfcorearrows.code.tex
File: pgfcorearrows.code.tex 2023-01-15 v3.1.10 (3.1.10)
\pgfarrowsep=\dimen280
) (/usr/local/texlive/2024/texmf-dist/tex/generic/pgf/basiclayer/pgfcoreshade.code.tex
File: pgfcoreshade.code.tex 2023-01-15 v3.1.10 (3.1.10)
\pgf@max=\dimen281
\pgf@sys@shading@range@num=\count306
\pgf@shadingcount=\count307
) (/usr/local/texlive/2024/texmf-dist/tex/generic/pgf/basiclayer/pgfcoreimage.code.tex
File: pgfcoreimage.code.tex 2023-01-15 v3.1.10 (3.1.10)
) (/usr/local/texlive/2024/texmf-dist/tex/generic/pgf/basiclayer/pgfcoreexternal.code.tex
File: pgfcoreexternal.code.tex 2023-01-15 v3.1.10 (3.1.10)
\pgfexternal@startupbox=\box64
) (/usr/local/texlive/2024/texmf-dist/tex/generic/pgf/basiclayer/pgfcorelayers.code.tex
File: pgfcorelayers.code.tex 2023-01-15 v3.1.10 (3.1.10)
) (/usr/local/texlive/2024/texmf-dist/tex/generic/pgf/basiclayer/pgfcoretransparency.code.tex
File: pgfcoretransparency.code.tex 2023-01-15 v3.1.10 (3.1.10)
) (/usr/local/texlive/2024/texmf-dist/tex/generic/pgf/basiclayer/pgfcorepatterns.code.tex
File: pgfcorepatterns.code.tex 2023-01-15 v3.1.10 (3.1.10)
) (/usr/local/texlive/2024/texmf-dist/tex/generic/pgf/basiclayer/pgfcorerdf.code.tex
File: pgfcorerdf.code.tex 2023-01-15 v3.1.10 (3.1.10)
))) (/usr/local/texlive/2024/texmf-dist/tex/generic/pgf/modules/pgfmoduleshapes.code.tex
File: pgfmoduleshapes.code.tex 2023-01-15 v3.1.10 (3.1.10)
\pgfnodeparttextbox=\box65
) (/usr/local/texlive/2024/texmf-dist/tex/generic/pgf/modules/pgfmoduleplot.code.tex
File: pgfmoduleplot.code.tex 2023-01-15 v3.1.10 (3.1.10)
) (/usr/local/texlive/2024/texmf-dist/tex/latex/pgf/compatibility/pgfcomp-version-0-65.sty
Package: pgfcomp-version-0-65 2023-01-15 v3.1.10 (3.1.10)
\pgf@nodesepstart=\dimen282
\pgf@nodesepend=\dimen283
) (/usr/local/texlive/2024/texmf-dist/tex/latex/pgf/compatibility/pgfcomp-version-1-18.sty
Package: pgfcomp-version-1-18 2023-01-15 v3.1.10 (3.1.10)
)) (/usr/local/texlive/2024/texmf-dist/tex/latex/tools/verbatim.sty
Package: verbatim 2023-11-06 v1.5v LaTeX2e package for verbatim enhancements
\every@verbatim=\toks37
\verbatim@line=\toks38
\verbatim@in@stream=\read4
) (/usr/local/texlive/2024/texmf-dist/tex/latex/environ/environ.sty
Package: environ 2014/05/04 v0.3 A new way to define environments
 (/usr/local/texlive/2024/texmf-dist/tex/latex/trimspaces/trimspaces.sty
Package: trimspaces 2009/09/17 v1.1 Trim spaces around a token list
)
\@envbody=\toks39
)
\tcb@titlebox=\box66
\tcb@upperbox=\box67
\tcb@lowerbox=\box68
\tcb@phantombox=\box69
\c@tcbbreakpart=\count308
\c@tcblayer=\count309
\c@tcolorbox@number=\count310
\l__tcobox_tmpa_box=\box70
\l__tcobox_tmpa_dim=\dimen284
\tcb@temp=\box71
\tcb@temp=\box72
\tcb@temp=\box73
\tcb@temp=\box74
) (/usr/local/texlive/2024/texmf-dist/tex/latex/tools/longtable.sty
Package: longtable 2023-11-01 v4.19 Multi-page Table package (DPC)
\LTleft=\skip56
\LTright=\skip57
\LTpre=\skip58
\LTpost=\skip59
\LTchunksize=\count311
\LTcapwidth=\dimen285
\LT@head=\box75
\LT@firsthead=\box76
\LT@foot=\box77
\LT@lastfoot=\box78
\LT@gbox=\box79
\LT@cols=\count312
\LT@rows=\count313
\c@LT@tables=\count314
\c@LT@chunks=\count315
\LT@p@ftn=\toks40
) (/usr/local/texlive/2024/texmf-dist/tex/latex/tools/multicol.sty
Package: multicol 2023/03/30 v1.9f multicolumn formatting (FMi)
\c@tracingmulticols=\count316


Package multicol Warning: May not work with the twocolumn option on input line 143.

\mult@box=\box80
\multicol@leftmargin=\dimen286
\c@unbalance=\count317
\c@collectmore=\count318
\doublecol@number=\count319
\multicoltolerance=\count320
\multicolpretolerance=\count321
\full@width=\dimen287
\page@free=\dimen288
\premulticols=\dimen289
\postmulticols=\dimen290
\multicolsep=\skip60
\multicolbaselineskip=\skip61
\partial@page=\box81
\last@line=\box82
\mc@boxedresult=\box83
\maxbalancingoverflow=\dimen291
\mult@rightbox=\box84
\mult@grightbox=\box85
\mult@firstbox=\box86
\mult@gfirstbox=\box87
\@tempa=\box88
\@tempa=\box89
\@tempa=\box90
\@tempa=\box91
\@tempa=\box92
\@tempa=\box93
\@tempa=\box94
\@tempa=\box95
\@tempa=\box96
\@tempa=\box97
\@tempa=\box98
\@tempa=\box99
\@tempa=\box100
\@tempa=\box101
\@tempa=\box102
\@tempa=\box103
\@tempa=\box104
\@tempa=\box105
\@tempa=\box106
\@tempa=\box107
\@tempa=\box108
\@tempa=\box109
\@tempa=\box110
\@tempa=\box111
\@tempa=\box112
\@tempa=\box113
\@tempa=\box114
\@tempa=\box115
\@tempa=\box116
\@tempa=\box117
\@tempa=\box118
\@tempa=\box119
\@tempa=\box120
\@tempa=\box121
\@tempa=\box122
\@tempa=\box123
\c@minrows=\count322
\c@columnbadness=\count323
\c@finalcolumnbadness=\count324
\last@try=\dimen292
\multicolovershoot=\dimen293
\multicolundershoot=\dimen294
\mult@nat@firstbox=\box124
\colbreak@box=\box125
\mc@col@check@num=\count325
) (/usr/local/texlive/2024/texmf-dist/tex/latex/eso-pic/eso-pic.sty
Package: eso-pic 2023/05/03 v3.0c eso-pic (RN)
\ESO@tempdima=\dimen295
\ESO@tempdimb=\dimen296
) (/usr/local/texlive/2024/texmf-dist/tex/latex/tools/tabularx.sty
Package: tabularx 2023/07/08 v2.11c `tabularx' package (DPC)
\TX@col@width=\dimen297
\TX@old@table=\dimen298
\TX@old@col=\dimen299
\TX@target=\dimen300
\TX@delta=\dimen301
\TX@cols=\count326
\TX@ftn=\toks41
)
Package hyperref Info: Option `colorlinks' set `true' on input line 59.
LaTeX Font Info:    Trying to load font information for T1+lmr on input line 97.
 (/usr/local/texlive/2024/texmf-dist/tex/latex/lm/t1lmr.fd
File: t1lmr.fd 2015/05/01 v1.6.1 Font defs for Latin Modern
) (/usr/local/texlive/2024/texmf-dist/tex/latex/l3backend/l3backend-pdftex.def
File: l3backend-pdftex.def 2024-02-20 L3 backend support: PDF output (pdfTeX)
\l__color_backend_stack_int=\count327
\l__pdf_internal_box=\box126
) (./IAC_Forter.aux)
\openout1 = `IAC_Forter.aux'.

LaTeX Font Info:    Checking defaults for OML/cmm/m/it on input line 97.
LaTeX Font Info:    ... okay on input line 97.
LaTeX Font Info:    Checking defaults for OMS/cmsy/m/n on input line 97.
LaTeX Font Info:    ... okay on input line 97.
LaTeX Font Info:    Checking defaults for OT1/cmr/m/n on input line 97.
LaTeX Font Info:    ... okay on input line 97.
LaTeX Font Info:    Checking defaults for T1/cmr/m/n on input line 97.
LaTeX Font Info:    ... okay on input line 97.
LaTeX Font Info:    Checking defaults for TS1/cmr/m/n on input line 97.
LaTeX Font Info:    ... okay on input line 97.
LaTeX Font Info:    Checking defaults for OMX/cmex/m/n on input line 97.
LaTeX Font Info:    ... okay on input line 97.
LaTeX Font Info:    Checking defaults for U/cmr/m/n on input line 97.
LaTeX Font Info:    ... okay on input line 97.
LaTeX Font Info:    Checking defaults for PD1/pdf/m/n on input line 97.
LaTeX Font Info:    ... okay on input line 97.
LaTeX Font Info:    Checking defaults for PU/pdf/m/n on input line 97.
LaTeX Font Info:    ... okay on input line 97.

*geometry* driver: auto-detecting
*geometry* detected driver: pdftex
*geometry* verbose mode - [ preamble ] result:
* driver: pdftex
* paper: a4paper
* layout: <same size as paper>
* layoutoffset:(h,v)=(0.0pt,0.0pt)
* modes: 
* h-part:(L,W,R)=(56.9055pt, 483.69687pt, 56.9055pt)
* v-part:(T,H,B)=(56.9055pt, 731.23584pt, 56.9055pt)
* \paperwidth=597.50787pt
* \paperheight=845.04684pt
* \textwidth=483.69687pt
* \textheight=731.23584pt
* \oddsidemargin=-15.36449pt
* \evensidemargin=-15.36449pt
* \topmargin=-52.36449pt
* \headheight=12.0pt
* \headsep=25.0pt
* \topskip=11.0pt
* \footskip=30.0pt
* \marginparwidth=4.0pt
* \marginparsep=10.0pt
* \columnsep=10.0pt
* \skip\footins=10.0pt plus 4.0pt minus 2.0pt
* \hoffset=0.0pt
* \voffset=0.0pt
* \mag=1000
* \@twocolumntrue
* \@twosidefalse
* \@mparswitchfalse
* \@reversemarginfalse
* (1in=72.27pt=25.4mm, 1cm=28.453pt)

(/usr/local/texlive/2024/texmf-dist/tex/context/base/mkii/supp-pdf.mkii
[Loading MPS to PDF converter (version 2006.09.02).]
\scratchcounter=\count328
\scratchdimen=\dimen302
\scratchbox=\box127
\nofMPsegments=\count329
\nofMParguments=\count330
\everyMPshowfont=\toks42
\MPscratchCnt=\count331
\MPscratchDim=\dimen303
\MPnumerator=\count332
\makeMPintoPDFobject=\count333
\everyMPtoPDFconversion=\toks43
) (/usr/local/texlive/2024/texmf-dist/tex/latex/epstopdf-pkg/epstopdf-base.sty
Package: epstopdf-base 2020-01-24 v2.11 Base part for package epstopdf
Package epstopdf-base Info: Redefining graphics rule for `.eps' on input line 485.
 (/usr/local/texlive/2024/texmf-dist/tex/latex/latexconfig/epstopdf-sys.cfg
File: epstopdf-sys.cfg 2010/07/13 v1.3 Configuration of (r)epstopdf for TeX Live
))
Package hyperref Info: Link coloring ON on input line 97.
 (./IAC_Forter.out) (./IAC_Forter.out)
\@outlinefile=\write4
\openout4 = `IAC_Forter.out'.

\c@lstlisting=\count334
Package caption Info: Begin \AtBeginDocument code.
Package caption Info: longtable package is loaded.
 (/usr/local/texlive/2024/texmf-dist/tex/latex/caption/ltcaption.sty
Package: ltcaption 2021/01/08 v1.4c longtable captions (AR)
)
Package caption Info: End \AtBeginDocument code.
*geometry* verbose mode - [ newgeometry ] result:
* driver: pdftex
* paper: a4paper
* layout: <same size as paper>
* layoutoffset:(h,v)=(0.0pt,0.0pt)
* modes: 
* h-part:(L,W,R)=(0.0pt, 597.50787pt, 0.0pt)
* v-part:(T,H,B)=(0.0pt, 845.04684pt, 0.0pt)
* \paperwidth=597.50787pt
* \paperheight=845.04684pt
* \textwidth=597.50787pt
* \textheight=845.04684pt
* \oddsidemargin=-72.26999pt
* \evensidemargin=-72.26999pt
* \topmargin=-109.26999pt
* \headheight=12.0pt
* \headsep=25.0pt
* \topskip=11.0pt
* \footskip=30.0pt
* \marginparwidth=4.0pt
* \marginparsep=10.0pt
* \columnsep=10.0pt
* \skip\footins=10.0pt plus 4.0pt minus 2.0pt
* \hoffset=0.0pt
* \voffset=0.0pt
* \mag=1000
* \@twocolumntrue
* \@twosidefalse
* \@mparswitchfalse
* \@reversemarginfalse
* (1in=72.27pt=25.4mm, 1cm=28.453pt)


Underfull \hbox (badness 10000) in paragraph at lines 114--118

 []

LaTeX Font Info:    Trying to load font information for T1+lmtt on input line 122.
(/usr/local/texlive/2024/texmf-dist/tex/latex/lm/t1lmtt.fd
File: t1lmtt.fd 2015/05/01 v1.6.1 Font defs for Latin Modern
)
Overfull \hbox (236.04677pt too wide) in paragraph at lines 111--127
[]|  [] 
 []

<fhtw_cover.png, id=87, 597.432pt x 845.0772pt>
File: fhtw_cover.png Graphic file (type png)
<use fhtw_cover.png>
Package pdftex.def Info: fhtw_cover.png  used on input line 128.
(pdftex.def)             Requested size: 597.55817pt x 845.04933pt.
[1



{/usr/local/texlive/2024/texmf-var/fonts/map/pdftex/updmap/pdftex.map}{/usr/local/texlive/2024/texmf-dist/fonts/enc/dvips/lm/lm-ec.enc}

 <./fhtw_cover.png>]
pdfTeX warning (ext4): destination with the same identifier (name{page.1}) has been already used, duplicate ignored
<to be read again> 
                   \relax 
l.146 \end{titlepage}
                      [1




] (./IAC_Forter.toc
LaTeX Font Info:    Trying to load font information for OT1+lmr on input line 4.
 (/usr/local/texlive/2024/texmf-dist/tex/latex/lm/ot1lmr.fd
File: ot1lmr.fd 2015/05/01 v1.6.1 Font defs for Latin Modern
)
LaTeX Font Info:    Trying to load font information for OML+lmm on input line 4.
 (/usr/local/texlive/2024/texmf-dist/tex/latex/lm/omllmm.fd
File: omllmm.fd 2015/05/01 v1.6.1 Font defs for Latin Modern
)
LaTeX Font Info:    Trying to load font information for OMS+lmsy on input line 4.
 (/usr/local/texlive/2024/texmf-dist/tex/latex/lm/omslmsy.fd
File: omslmsy.fd 2015/05/01 v1.6.1 Font defs for Latin Modern
)
LaTeX Font Info:    Trying to load font information for OMX+lmex on input line 4.
 (/usr/local/texlive/2024/texmf-dist/tex/latex/lm/omxlmex.fd
File: omxlmex.fd 2015/05/01 v1.6.1 Font defs for Latin Modern
)
LaTeX Font Info:    External font `lmex10' loaded for size
(Font)              <10.95> on input line 4.
LaTeX Font Info:    External font `lmex10' loaded for size
(Font)              <8> on input line 4.
LaTeX Font Info:    External font `lmex10' loaded for size
(Font)              <6> on input line 4.
)
\tf@toc=\write5
\openout5 = `IAC_Forter.toc'.


pdfTeX warning (ext4): destination with the same identifier (name{page.1}) has been already used, duplicate ignored
<to be read again> 
                   \relax 
l.151 \newpage
               [1


]
Underfull \hbox (badness 10000) in paragraph at lines 159--159
|[]\T1/lmr/bx/n/14.4 Provisionierung der AWS-
 []

LaTeX Font Info:    Trying to load font information for TS1+lmr on input line 163.
(/usr/local/texlive/2024/texmf-dist/tex/latex/lm/ts1lmr.fd
File: ts1lmr.fd 2015/05/01 v1.6.1 Font defs for Latin Modern
)
<screenshots/vpc_configuration.png, id=127, 1502.61375pt x 623.32875pt>
File: screenshots/vpc_configuration.png Graphic file (type png)
<use screenshots/vpc_configuration.png>
Package pdftex.def Info: screenshots/vpc_configuration.png  used on input line 170.
(pdftex.def)             Requested size: 225.00528pt x 93.33359pt.
<screenshots/subnetsettings.png, id=128, 1502.61375pt x 816.04875pt>
File: screenshots/subnetsettings.png Graphic file (type png)
<use screenshots/subnetsettings.png>
Package pdftex.def Info: screenshots/subnetsettings.png  used on input line 172.
(pdftex.def)             Requested size: 225.00528pt x 122.19034pt.

Underfull \hbox (badness 1997) in paragraph at lines 172--172
[]\T1/lmr/m/n/10.95 Abbildung 2: |Öf-fen-li-ches Sub-net mit Sub-net
 []

<screenshots/auto_public_ipv4.png, id=129, 1517.67pt x 206.7725pt>
File: screenshots/auto_public_ipv4.png Graphic file (type png)
<use screenshots/auto_public_ipv4.png>
Package pdftex.def Info: screenshots/auto_public_ipv4.png  used on input line 173.
(pdftex.def)             Requested size: 225.00528pt x 30.65485pt.
<screenshots/create_inbound_rules.png, id=130, 1503.6175pt x 668.4975pt>
File: screenshots/create_inbound_rules.png Graphic file (type png)
<use screenshots/create_inbound_rules.png>
Package pdftex.def Info: screenshots/create_inbound_rules.png  used on input line 178.
(pdftex.def)             Requested size: 225.00528pt x 100.03568pt.
<screenshots/edit_inbound_rules.png, id=131, 1517.67pt x 657.45625pt>
File: screenshots/edit_inbound_rules.png Graphic file (type png)
<use screenshots/edit_inbound_rules.png>
Package pdftex.def Info: screenshots/edit_inbound_rules.png  used on input line 181.
(pdftex.def)             Requested size: 225.00528pt x 97.47054pt.
<screenshots/create_instance.png, id=132, 1012.78375pt x 245.91875pt>
File: screenshots/create_instance.png Graphic file (type png)
<use screenshots/create_instance.png>
Package pdftex.def Info: screenshots/create_instance.png  used on input line 186.
(pdftex.def)             Requested size: 225.00528pt x 54.63138pt.
<screenshots/operating_system.png, id=133, 1008.76875pt x 755.82375pt>
File: screenshots/operating_system.png Graphic file (type png)
<use screenshots/operating_system.png>
Package pdftex.def Info: screenshots/operating_system.png  used on input line 187.
(pdftex.def)             Requested size: 225.00528pt x 168.57678pt.
<screenshots/instance_type.png, id=134, 1009.7725pt x 500.87125pt>
File: screenshots/instance_type.png Graphic file (type png)
<use screenshots/instance_type.png>
Package pdftex.def Info: screenshots/instance_type.png  used on input line 188.
(pdftex.def)             Requested size: 225.00528pt x 111.6059pt.
<screenshots/networksettings.png, id=135, 1009.7725pt x 688.5725pt>
File: screenshots/networksettings.png Graphic file (type png)
<use screenshots/networksettings.png>
Package pdftex.def Info: screenshots/networksettings.png  used on input line 189.
(pdftex.def)             Requested size: 225.00528pt x 153.43016pt.
[2

{/usr/local/texlive/2024/texmf-dist/fonts/enc/dvips/lm/lm-ts1.enc} <./screenshots/vpc_configuration.png> <./screenshots/subnetsettings.png> <./screenshots/auto_public_ipv4.png> <./screenshots/create_inbound_rules.png> <./screenshots/edit_inbound_rules.png> <./screenshots/create_instance.png> <./screenshots/operating_system.png>]
<screenshots/userdata.png, id=155, 1009.7725pt x 526.96875pt>
File: screenshots/userdata.png Graphic file (type png)
<use screenshots/userdata.png>
Package pdftex.def Info: screenshots/userdata.png  used on input line 190.
(pdftex.def)             Requested size: 225.00528pt x 117.42104pt.
 (/usr/local/texlive/2024/texmf-dist/tex/latex/listings/lstlang1.sty
File: lstlang1.sty 2024/02/21 1.10 listings language file
) (/usr/local/texlive/2024/texmf-dist/tex/latex/listings/lstlang1.sty
File: lstlang1.sty 2024/02/21 1.10 listings language file
)
Package hyperref Info: bookmark level for unknown lstlisting defaults to 0 on input line 192.
<screenshots/instance_summary.png, id=156, 1236.11812pt x 340.27126pt>
File: screenshots/instance_summary.png Graphic file (type png)
<use screenshots/instance_summary.png>
Package pdftex.def Info: screenshots/instance_summary.png  used on input line 198.
(pdftex.def)             Requested size: 225.00528pt x 61.93672pt.
<screenshots/ssh_connection.png, id=157, 1505.625pt x 913.4125pt>
File: screenshots/ssh_connection.png Graphic file (type png)
<use screenshots/ssh_connection.png>
Package pdftex.def Info: screenshots/ssh_connection.png  used on input line 205.
(pdftex.def)             Requested size: 225.00528pt x 136.50421pt.

Underfull \hbox (badness 3291) in paragraph at lines 205--205
[]\T1/lmr/m/n/10.95 Abbildung 12: |SSH-Verbindung und Docker-
 []

<screenshots/docker_swarm_init.png, id=158, 1081.03876pt x 178.6675pt>
File: screenshots/docker_swarm_init.png Graphic file (type png)
<use screenshots/docker_swarm_init.png>
Package pdftex.def Info: screenshots/docker_swarm_init.png  used on input line 214.
(pdftex.def)             Requested size: 225.00528pt x 37.18594pt.
<screenshots/docker_node_ls.png, id=159, 867.24pt x 97.36375pt>
File: screenshots/docker_node_ls.png Graphic file (type png)
<use screenshots/docker_node_ls.png>
Package pdftex.def Info: screenshots/docker_node_ls.png  used on input line 215.
(pdftex.def)             Requested size: 225.00528pt x 25.26048pt.
<screenshots/join_worker.png, id=160, 748.7975pt x 128.48pt>
File: screenshots/join_worker.png Graphic file (type png)
<use screenshots/join_worker.png>
Package pdftex.def Info: screenshots/join_worker.png  used on input line 216.
(pdftex.def)             Requested size: 225.00528pt x 38.60703pt.
<screenshots/manager_token.png, id=161, 379.4175pt x 214.8025pt>
File: screenshots/manager_token.png Graphic file (type png)
<use screenshots/manager_token.png>
Package pdftex.def Info: screenshots/manager_token.png  used on input line 217.
(pdftex.def)             Requested size: 225.00528pt x 127.38461pt.
<screenshots/join_manager.png, id=162, 371.3875pt x 128.48pt>
File: screenshots/join_manager.png Graphic file (type png)
<use screenshots/join_manager.png>
Package pdftex.def Info: screenshots/join_manager.png  used on input line 218.
(pdftex.def)             Requested size: 225.00528pt x 77.84138pt.

Underfull \vbox (badness 10000) has occurred while \output is active []

 [3 <./screenshots/instance_type.png> <./screenshots/networksettings.png> <./screenshots/userdata.png> <./screenshots/instance_summary.png> <./screenshots/ssh_connection.png> <./screenshots/docker_swarm_init.png> <./screenshots/docker_node_ls.png> <./screenshots/join_worker.png>]
<screenshots/node-ls_all.png, id=196, 851.18pt x 143.53625pt>
File: screenshots/node-ls_all.png Graphic file (type png)
<use screenshots/node-ls_all.png>
Package pdftex.def Info: screenshots/node-ls_all.png  used on input line 220.
(pdftex.def)             Requested size: 225.00528pt x 37.94273pt.
<screenshots/portainer_installation.png, id=197, 1094.0875pt x 336.25626pt>
File: screenshots/portainer_installation.png Graphic file (type png)
<use screenshots/portainer_installation.png>
Package pdftex.def Info: screenshots/portainer_installation.png  used on input line 230.
(pdftex.def)             Requested size: 225.00528pt x 69.14847pt.
<screenshots/portainer_login.png, id=198, 903.375pt x 705.63625pt>
File: screenshots/portainer_login.png Graphic file (type png)
<use screenshots/portainer_login.png>
Package pdftex.def Info: screenshots/portainer_login.png  used on input line 232.
(pdftex.def)             Requested size: 225.00528pt x 175.75183pt.
<screenshots/services.png, id=199, 1193.96063pt x 475.02469pt>
File: screenshots/services.png Graphic file (type png)
<use screenshots/services.png>
Package pdftex.def Info: screenshots/services.png  used on input line 233.
(pdftex.def)             Requested size: 225.00528pt x 89.5163pt.

Underfull \vbox (badness 10000) has occurred while \output is active []


Underfull \hbox (badness 10000) in paragraph at lines 236--236
|[]\T1/lmr/bx/n/14.4 Service-Deployment, Scale-
 []

<screenshots/portainer_create_service.png, id=200, 1216.545pt x 687.56876pt>
File: screenshots/portainer_create_service.png Graphic file (type png)
<use screenshots/portainer_create_service.png>
Package pdftex.def Info: screenshots/portainer_create_service.png  used on input line 244.
(pdftex.def)             Requested size: 225.00528pt x 127.16675pt.
<screenshots/3_replicas.png, id=201, 1186.4325pt x 193.47281pt>
File: screenshots/3_replicas.png Graphic file (type png)
<use screenshots/3_replicas.png>
Package pdftex.def Info: screenshots/3_replicas.png  used on input line 245.
(pdftex.def)             Requested size: 225.00528pt x 36.68936pt.
<screenshots/portainer_cluster_3rep.png, id=202, 1215.54124pt x 522.95375pt>
File: screenshots/portainer_cluster_3rep.png Graphic file (type png)
<use screenshots/portainer_cluster_3rep.png>
Package pdftex.def Info: screenshots/portainer_cluster_3rep.png  used on input line 246.
(pdftex.def)             Requested size: 225.00528pt x 96.80078pt.

Underfull \vbox (badness 10000) has occurred while \output is active []

 [4 <./screenshots/manager_token.png> <./screenshots/join_manager.png> <./screenshots/node-ls_all.png> <./screenshots/portainer_installation.png> <./screenshots/portainer_login.png> <./screenshots/services.png> <./screenshots/portainer_create_service.png>]
<screenshots/hello_world.png, id=231, 1114.1625pt x 333.49594pt>
File: screenshots/hello_world.png Graphic file (type png)
<use screenshots/hello_world.png>
Package pdftex.def Info: screenshots/hello_world.png  used on input line 248.
(pdftex.def)             Requested size: 225.00528pt x 67.34935pt.
<screenshots/10_replicas.png, id=232, 1181.16281pt x 537.50812pt>
File: screenshots/10_replicas.png Graphic file (type png)
<use screenshots/10_replicas.png>
Package pdftex.def Info: screenshots/10_replicas.png  used on input line 254.
(pdftex.def)             Requested size: 225.00528pt x 102.39005pt.
<screenshots/portainer_cluster_10rep.png, id=233, 1189.44376pt x 720.6925pt>
File: screenshots/portainer_cluster_10rep.png Graphic file (type png)
<use screenshots/portainer_cluster_10rep.png>
Package pdftex.def Info: screenshots/portainer_cluster_10rep.png  used on input line 255.
(pdftex.def)             Requested size: 225.00528pt x 136.32817pt.

Underfull \vbox (badness 10000) has occurred while \output is active []

<screenshots/hello_world_two_containers.png, id=234, 1444.64719pt x 367.3725pt>
File: screenshots/hello_world_two_containers.png Graphic file (type png)
<use screenshots/hello_world_two_containers.png>
Package pdftex.def Info: screenshots/hello_world_two_containers.png  used on input line 257.
(pdftex.def)             Requested size: 225.00528pt x 57.21681pt.
<screenshots/shutdown node.png, id=235, 1184.17406pt x 235.63031pt>
File: screenshots/shutdown node.png Graphic file (type png)
<use screenshots/shutdown node.png>
Package pdftex.def Info: screenshots/shutdown node.png  used on input line 259.
(pdftex.def)             Requested size: 225.00528pt x 44.77022pt.
<screenshots/services_ready_status.png, id=236, 1186.4325pt x 539.01375pt>
File: screenshots/services_ready_status.png Graphic file (type png)
<use screenshots/services_ready_status.png>
Package pdftex.def Info: screenshots/services_ready_status.png  used on input line 261.
(pdftex.def)             Requested size: 225.00528pt x 102.21628pt.
<screenshots/portainer_down_but10.png, id=237, 1191.45125pt x 832.10875pt>
File: screenshots/portainer_down_but10.png Graphic file (type png)
<use screenshots/portainer_down_but10.png>
Package pdftex.def Info: screenshots/portainer_down_but10.png  used on input line 262.
(pdftex.def)             Requested size: 225.00528pt x 157.13733pt.

Underfull \vbox (badness 10000) has occurred while \output is active []

 [5 <./screenshots/3_replicas.png> <./screenshots/portainer_cluster_3rep.png> <./screenshots/hello_world.png> <./screenshots/10_replicas.png> <./screenshots/portainer_cluster_10rep.png> <./screenshots/hello_world_two_containers.png> <./screenshots/shutdown node.png> <./screenshots/services_ready_status.png>]
<screenshots/shutdown_services.png, id=261, 1178.90437pt x 536.0025pt>
File: screenshots/shutdown_services.png Graphic file (type png)
<use screenshots/shutdown_services.png>
Package pdftex.def Info: screenshots/shutdown_services.png  used on input line 264.
(pdftex.def)             Requested size: 225.00528pt x 102.29953pt.
<screenshots/portainer_scale_down.png, id=262, 1194.4625pt x 724.7075pt>
File: screenshots/portainer_scale_down.png Graphic file (type png)
<use screenshots/portainer_scale_down.png>
Package pdftex.def Info: screenshots/portainer_scale_down.png  used on input line 266.
(pdftex.def)             Requested size: 225.00528pt x 136.51263pt.
LaTeX Font Info:    Font shape `T1/lmtt/bx/n' in size <9> not available
(Font)              Font shape `T1/lmtt/b/n' tried instead on input line 285.

Underfull \hbox (badness 10000) in paragraph at lines 291--291
|[]\T1/lmr/bx/n/14.4 Kubernetes De-ploy-ment
 []


Underfull \hbox (badness 7777) in paragraph at lines 293--294
\T1/lmr/m/n/10.95 Cluster mit \T1/lmtt/m/n/10.95 Minikube \T1/lmr/m/n/10.95 er-stellt, ein \T1/lmtt/m/n/10.95 nginx\T1/lmr/m/n/10.95 -
 []

[6 <./screenshots/portainer_down_but10.png> <./screenshots/shutdown_services.png> <./screenshots/portainer_scale_down.png>]
Underfull \hbox (badness 2865) in paragraph at lines 353--353
[]\T1/lmr/m/n/10.95 Abbildung 39: |In-ter-ner ClusterIP-Service für
 []

[7]
Underfull \hbox (badness 1540) in paragraph at lines 417--417
[]\T1/lmr/m/n/10.95 Abbildung 45: |Er-folg-rei-cher Zu-griff über den
 []


Underfull \hbox (badness 3428) in paragraph at lines 432--432
[]|\T1/lmr/m/n/10.95 Standardtyp; er-mög-licht Kom-mu-ni-ka-ti-on zwi-
 []


Underfull \hbox (badness 2671) in paragraph at lines 432--432
[]|\T1/lmr/m/n/10.95 Zugriff über \T1/lmtt/m/n/10.95 <NodeIP>:<NodePort> \T1/lmr/m/n/10.95 (z.B. für
 []

[8]
Underfull \hbox (badness 6775) in paragraph at lines 482--482
[]\T1/lmr/m/n/10.95 Abbildung 47: |Er-folg-rei-che An-wen-dung der
 []


Underfull \hbox (badness 2941) in paragraph at lines 490--491
[]\T1/lmr/bx/n/10.95 Service-Typen: \T1/lmr/m/n/10.95 Clus-te-rIP, No-de-Port und
 []

[9] (./IAC_Forter.aux)
 ***********
LaTeX2e <2023-11-01> patch level 1
L3 programming layer <2024-02-20>
 ***********
Package rerunfilecheck Info: File `IAC_Forter.out' has not changed.
(rerunfilecheck)             Checksum: 406BF277B80F7E6FE68B31B9FB0C79B4;3547.
 ) 
Here is how much of TeX's memory you used:
 25368 strings out of 474116
 470032 string characters out of 5743682
 2107187 words of memory out of 5000000
 47149 multiletter control sequences out of 15000+600000
 607313 words of font info for 64 fonts, out of 8000000 for 9000
 1141 hyphenation exceptions out of 8191
 83i,11n,87p,477b,1260s stack positions out of 10000i,1000n,20000p,200000b,200000s
</usr/local/texlive/2024/texmf-dist/fonts/type1/public/lm/lmbx10.pfb></usr/local/texlive/2024/texmf-dist/fonts/type1/public/lm/lmbx12.pfb></usr/local/texlive/2024/texmf-dist/fonts/type1/public/lm/lmr10.pfb></usr/local/texlive/2024/texmf-dist/fonts/type1/public/lm/lmr12.pfb></usr/local/texlive/2024/texmf-dist/fonts/type1/public/lm/lmri10.pfb></usr/local/texlive/2024/texmf-dist/fonts/type1/public/lm/lmri12.pfb></usr/local/texlive/2024/texmf-dist/fonts/type1/public/lm/lmtk10.pfb></usr/local/texlive/2024/texmf-dist/fonts/type1/public/lm/lmtt10.pfb></usr/local/texlive/2024/texmf-dist/fonts/type1/public/lm/lmtt9.pfb></usr/local/texlive/2024/texmf-dist/fonts/type1/public/lm/lmtti10.pfb>
Output written on IAC_Forter.pdf (11 pages, 4537585 bytes).
PDF statistics:
 483 PDF objects out of 1000 (max. 8388607)
 377 compressed objects within 4 object streams
 190 named destinations out of 1000 (max. 500000)
 343 words of extra memory for PDF output out of 10000 (max. 10000000)

